<?xml version="1.0" encoding="UTF-8"?>
<!-- Generated by org.testng.reporters.JUnitReportReporter -->
<testsuite hostname="L-156171731" name="seleniumassignment.OlayGerman" tests="1" failures="0" timestamp="15 Apr 2020 19:52:54 GMT" time="37.253" errors="0">
  <testcase name="main" time="37.253" classname="seleniumassignment.OlayGerman"/>
</testsuite> <!-- seleniumassignment.OlayGerman -->
