<?xml version="1.0" encoding="UTF-8"?>
<!-- Generated by org.testng.reporters.JUnitReportReporter -->
<testsuite hostname="L-156171731" name="seleniumassignment.Droppable" tests="1" failures="0" timestamp="11 Apr 2020 17:08:23 GMT" time="16.131" errors="0">
  <testcase name="main" time="16.131" classname="seleniumassignment.Droppable"/>
</testsuite> <!-- seleniumassignment.Droppable -->
