<?xml version="1.0" encoding="UTF-8"?>
<!-- Generated by org.testng.reporters.JUnitReportReporter -->
<testsuite hostname="L-156171731" name="seleniumassignment.Selectables" tests="1" failures="0" timestamp="4 Apr 2020 10:34:08 GMT" time="16.068" errors="0">
  <testcase name="main" time="16.068" classname="seleniumassignment.Selectables"/>
</testsuite> <!-- seleniumassignment.Selectables -->
