<?xml version="1.0" encoding="UTF-8"?>
<!-- Generated by org.testng.reporters.JUnitReportReporter -->
<testsuite hostname="L-156171731" name="seleniumassignment.DemoContactForm" tests="1" failures="0" timestamp="10 Apr 2020 09:10:07 GMT" time="16.973" errors="0">
  <testcase name="main" time="16.973" classname="seleniumassignment.DemoContactForm"/>
</testsuite> <!-- seleniumassignment.DemoContactForm -->
