<?xml version="1.0" encoding="UTF-8"?>
<!-- Generated by org.testng.reporters.JUnitReportReporter -->
<testsuite hostname="L-156171731" name="seleniumassignment.DataPicker" tests="1" failures="0" timestamp="11 Apr 2020 17:38:49 GMT" time="25.743" errors="0">
  <testcase name="main" time="25.743" classname="seleniumassignment.DataPicker"/>
</testsuite> <!-- seleniumassignment.DataPicker -->
