<?xml version="1.0" encoding="UTF-8"?>
<!-- Generated by org.testng.reporters.JUnitReportReporter -->
<testsuite hostname="L-156171731" name="seleniumassignment.MakeMyTrip" tests="1" failures="0" timestamp="10 Apr 2020 16:44:37 GMT" time="92.498" errors="0">
  <testcase name="main" time="92.498" classname="seleniumassignment.MakeMyTrip"/>
</testsuite> <!-- seleniumassignment.MakeMyTrip -->
