<?xml version="1.0" encoding="UTF-8"?>
<!-- Generated by org.testng.reporters.JUnitReportReporter -->
<testsuite hostname="L-156171731" name="seleniumassignment.OlayUK" tests="1" failures="0" timestamp="15 Apr 2020 08:16:26 GMT" time="39.430" errors="0">
  <testcase name="main" time="39.430" classname="seleniumassignment.OlayUK"/>
</testsuite> <!-- seleniumassignment.OlayUK -->
